\BOOKMARK [0][-]{chapter.1}{\376\377\000I\000n\000t\000r\000o\000d\000u\000c\000i\000n\000g\000\040\000S\000p\000a\000D\000E\000S\000\040\000w\000i\000t\000h\000\040\000a\000\040\000d\000u\000m\000m\000y\000\040\000e\000c\000o\000l\000o\000g\000i\000c\000a\000l\000\040\000m\000o\000d\000e\000l}{}% 1
\BOOKMARK [1][-]{section.1.1}{\376\377\000B\000E\000F\000O\000R\000E\000\040\000S\000p\000a\000D\000E\000S\040\046}{chapter.1}% 2
\BOOKMARK [2][-]{subsection.1.1.1}{\376\377\000S\000e\000t\000u\000p}{section.1.1}% 3
\BOOKMARK [2][-]{subsection.1.1.2}{\376\377\000S\000p\000e\000c\000i\000e\000s\000\040\000a\000b\000u\000n\000d\000a\000n\000c\000e\000\040\000`\000`\000s\000i\000m\000u\000l\000a\000t\000i\000o\000n\000s\000'\000'}{section.1.1}% 4
\BOOKMARK [2][-]{subsection.1.1.3}{\376\377\000T\000e\000m\000p\000e\000r\000a\000t\000u\000r\000e\000\040\000`\000`\000s\000i\000m\000u\000l\000a\000t\000i\000o\000n\000s\000'\000'}{section.1.1}% 5
\BOOKMARK [2][-]{subsection.1.1.4}{\376\377\000D\000a\000t\000a\000\040\000a\000n\000a\000l\000y\000s\000i\000s}{section.1.1}% 6
\BOOKMARK [1][-]{section.1.2}{\376\377\000A\000F\000T\000E\000R\000\040\000S\000p\000a\000D\000E\000S\040\046}{chapter.1}% 7
\BOOKMARK [2][-]{subsection.1.2.1}{\376\377\000T\000h\000e\000\040\000c\000o\000n\000t\000r\000o\000l\000\040\000s\000c\000r\000i\000p\000t}{section.1.2}% 8
\BOOKMARK [2][-]{subsection.1.2.2}{\376\377\000G\000e\000n\000e\000r\000a\000l\000\040\000m\000o\000d\000u\000l\000e\000\040\000s\000t\000r\000u\000c\000t\000u\000r\000e\000:\000\040\000s\000p\000e\000c\000i\000e\000s\000A\000b\000u\000n\000d\000a\000n\000c\000e\000\040\000m\000o\000d\000u\000l\000e}{section.1.2}% 9
\BOOKMARK [2][-]{subsection.1.2.3}{\376\377\000C\000r\000e\000a\000t\000i\000n\000g\000\040\000a\000n\000d\000\040\000a\000d\000d\000i\000n\000g\000\040\000a\000d\000d\000i\000t\000i\000o\000n\000a\000l\000\040\000m\000o\000d\000u\000l\000e\000s\000:\000\040\000t\000h\000e\000\040\000t\000e\000m\000p\000e\000r\000a\000t\000u\000r\000e\000\040\000m\000o\000d\000u\000l\000e}{section.1.2}% 10
\BOOKMARK [2][-]{subsection.1.2.4}{\376\377\000M\000o\000d\000u\000l\000e\000s\000\040\000t\000h\000a\000t\000\040\000d\000e\000p\000e\000n\000d\000\040\000o\000n\000\040\000o\000t\000h\000e\000r\000\040\000m\000o\000d\000u\000l\000e\000s\000:\000\040\000t\000h\000e\000\040\000s\000p\000e\000c\000i\000e\000s\000T\000e\000m\000p\000L\000M\000\040\000m\000o\000d\000u\000l\000e}{section.1.2}% 11
\BOOKMARK [2][-]{subsection.1.2.5}{\376\377\000S\000i\000m\000u\000l\000a\000t\000i\000o\000n}{section.1.2}% 12
\BOOKMARK [2][-]{subsection.1.2.6}{\376\377\000A\000d\000d\000i\000t\000i\000o\000n\000a\000l\000\040\000n\000o\000t\000e\000s}{section.1.2}% 13
\BOOKMARK [0][-]{chapter.2}{\376\377\000A\000\040\000m\000o\000r\000e\000\040\000r\000e\000a\000l\000i\000s\000t\000i\000c\000\040\000e\000x\000a\000m\000p\000l\000e\000\040\000o\000f\000\040\000S\000p\000a\000D\000E\000S}{}% 14
\BOOKMARK [1][-]{section.2.1}{\376\377\000T\000h\000e\000\040\000e\000x\000a\000m\000p\000l\000e\000:\000\040\000p\000r\000o\000j\000e\000c\000t\000i\000n\000g\000\040\000s\000p\000e\000c\000i\000e\000s\000\040\000d\000i\000s\000t\000r\000i\000b\000u\000t\000i\000o\000n\000\040\000s\000h\000i\000f\000t\000s\000\040\000u\000n\000d\000e\000r\000\040\000c\000l\000i\000m\000a\000t\000e\000\040\000c\000h\000a\000n\000g\000e}{chapter.2}% 15
\BOOKMARK [1][-]{section.2.2}{\376\377\000M\000o\000d\000u\000l\000e\000\040\000c\000r\000e\000a\000t\000i\000o\000n\000\040\000a\000n\000d\000\040\000c\000o\000d\000i\000n\000g}{chapter.2}% 16
\BOOKMARK [2][-]{subsection.2.2.1}{\376\377\000D\000a\000t\000a\000\040\000m\000o\000d\000u\000l\000e\000s}{section.2.2}% 17
\BOOKMARK [1][-]{section.2.3}{\376\377\000R\000u\000n\000n\000i\000n\000g\000\040\000t\000h\000e\000\040\000m\000o\000d\000e\000l}{chapter.2}% 18
\BOOKMARK [2][-]{subsection.2.3.1}{\376\377\000E\000n\000s\000u\000r\000i\000n\000g\000\040\000a\000l\000l\000\040\000p\000a\000c\000k\000a\000g\000e\000s\000\040\000a\000r\000e\000\040\000i\000n\000s\000t\000a\000l\000l\000e\000d}{section.2.3}% 19
\BOOKMARK [2][-]{subsection.2.3.2}{\376\377\000S\000i\000m\000u\000l\000a\000t\000i\000o\000n\000\040\000s\000e\000t\000-\000u\000p}{section.2.3}% 20
\BOOKMARK [2][-]{subsection.2.3.3}{\376\377\000S\000i\000m\000u\000l\000a\000t\000i\000o\000n\000\040\000r\000u\000n\000s}{section.2.3}% 21
\BOOKMARK [1][-]{section.2.4}{\376\377\000C\000a\000c\000h\000i\000n\000g}{chapter.2}% 22
\BOOKMARK [2][-]{subsection.2.4.1}{\376\377\000E\000x\000p\000l\000i\000c\000i\000t\000l\000y\000\040\000c\000a\000c\000h\000i\000n\000g\000\040\000o\000p\000e\000r\000a\000t\000i\000o\000n\000s}{section.2.4}% 23
\BOOKMARK [2][-]{subsection.2.4.2}{\376\377\000I\000m\000p\000l\000i\000c\000i\000t\000\040\000c\000a\000c\000h\000i\000n\000g\000\040\000o\000f\000\040\000e\000v\000e\000n\000t\000s}{section.2.4}% 24
\BOOKMARK [2][-]{subsection.2.4.3}{\376\377\000C\000o\000n\000t\000r\000o\000l\000l\000i\000n\000g\000\040\000c\000a\000c\000h\000i\000n\000g\000\040\000w\000i\000t\000h\000o\000u\000t\000\040\000c\000h\000a\000n\000g\000i\000n\000g\000\040\000m\000o\000d\000u\000l\000e\000\040\000c\000o\000d\000e}{section.2.4}% 25
\BOOKMARK [1][-]{section.2.5}{\376\377\000B\000e\000s\000t\000\040\000p\000r\000a\000c\000t\000i\000c\000e\000s}{chapter.2}% 26
\BOOKMARK [2][-]{subsection.2.5.1}{\376\377\000R\000e\000p\000r\000o\000d\000u\000c\000i\000b\000l\000e\000\040\000p\000a\000c\000k\000a\000g\000e\000\040\000i\000n\000s\000t\000a\000l\000l\000a\000t\000i\000o\000n}{section.2.5}% 27
\BOOKMARK [2][-]{subsection.2.5.2}{\376\377\000P\000r\000o\000t\000e\000c\000t\000\040\000y\000o\000u\000r\000s\000e\000l\000f\000\040\000a\000n\000d\000\040\000o\000t\000h\000e\000r\000s\000\040\000f\000r\000o\000m\000\040\000c\000o\000m\000m\000o\000n\000\040\000m\000i\000s\000t\000a\000k\000e\000s\000/\000p\000r\000o\000b\000l\000e\000m\000s}{section.2.5}% 28
\BOOKMARK [2][-]{subsection.2.5.3}{\376\377\000R\000e\000a\000d\000a\000b\000l\000e\000\040\000c\000o\000d\000e}{section.2.5}% 29
\BOOKMARK [2][-]{subsection.2.5.4}{\376\377\000M\000o\000d\000u\000l\000e\000\040\000d\000o\000c\000u\000m\000e\000n\000t\000a\000t\000i\000o\000n\000\040\040\023\000\040\000m\000o\000d\000u\000l\000e\000\040\000.\000R\000m\000d}{section.2.5}% 30
\BOOKMARK [2][-]{subsection.2.5.5}{\376\377\000C\000o\000d\000i\000n\000g\000\040\000f\000o\000r\000\040\000t\000h\000e\000\040\000f\000u\000t\000u\000r\000e}{section.2.5}% 31
\BOOKMARK [2][-]{subsection.2.5.6}{\376\377\000T\000r\000a\000n\000s\000p\000a\000r\000e\000n\000t\000\040\000m\000o\000d\000e\000l\000s}{section.2.5}% 32
\BOOKMARK [2][-]{subsection.2.5.7}{\376\377\000A\000d\000d\000i\000t\000i\000o\000n\000a\000l\000\040\000n\000o\000t\000e\000s}{section.2.5}% 33
